<?xml version="1.0" encoding="UTF-8"?>
<testng-results ignored="0" total="1" passed="1" failed="0" skipped="0">
  <reporter-output>
  </reporter-output>
  <suite started-at="2022-06-21T00:58:04 AEST" name="Default suite" finished-at="2022-06-21T00:58:04 AEST" duration-ms="38">
    <groups>
    </groups>
    <test started-at="2022-06-21T00:58:04 AEST" name="Default test" finished-at="2022-06-21T00:58:04 AEST" duration-ms="38">
      <class name="Test01">
        <test-method signature="StreamInteger()[pri:0, instance:Test01@4e268090]" started-at="2022-06-21T00:58:04 AEST" name="StreamInteger" finished-at="2022-06-21T00:58:04 AEST" duration-ms="9" status="PASS">
          <reporter-output>
          </reporter-output>
        </test-method> <!-- StreamInteger -->
      </class> <!-- Test01 -->
    </test> <!-- Default test -->
  </suite> <!-- Default suite -->
</testng-results>
